<?xml version="1.0" encoding="UTF-8" ?>
<testsuite errors="0" failures="0" hostname="Enie" name="model.DBTest" skipped="0" tests="8" time="0.118" timestamp="2021-05-18T15:53:37">
  <properties>
    <property name="libs.spring-framework300.classpath" value="C:\Program Files\NetBeans-12.3\netbeans\platform\modules\org-apache-commons-logging.jar;C:\Program Files\NetBeans-12.3\netbeans\java\modules\ext\cglib-2.2.jar;C:\Program Files\NetBeans-12.3\netbeans\java\modules\ext\spring-3.0\spring-aop-3.2.18.RELEASE.jar;C:\Program Files\NetBeans-12.3\netbeans\java\modules\ext\spring-3.0\spring-aspects-3.2.18.RELEASE.jar;C:\Program Files\NetBeans-12.3\netbeans\java\modules\ext\spring-3.0\spring-beans-3.2.18.RELEASE.jar;C:\Program Files\NetBeans-12.3\netbeans\java\modules\ext\spring-3.0\spring-context-3.2.18.RELEASE.jar;C:\Program Files\NetBeans-12.3\netbeans\java\modules\ext\spring-3.0\spring-context-support-3.2.18.RELEASE.jar;C:\Program Files\NetBeans-12.3\netbeans\java\modules\ext\spring-3.0\spring-core-3.2.18.RELEASE.jar;C:\Program Files\NetBeans-12.3\netbeans\java\modules\ext\spring-3.0\spring-expression-3.2.18.RELEASE.jar;C:\Program Files\NetBeans-12.3\netbeans\java\modules\ext\spring-3.0\spring-instrument-3.2.18.RELEASE.jar;C:\Program Files\NetBeans-12.3\netbeans\java\modules\ext\spring-3.0\spring-instrument-tomcat-3.2.18.RELEASE.jar;C:\Program Files\NetBeans-12.3\netbeans\java\modules\ext\spring-3.0\spring-jdbc-3.2.18.RELEASE.jar;C:\Program Files\NetBeans-12.3\netbeans\java\modules\ext\spring-3.0\spring-jms-3.2.18.RELEASE.jar;C:\Program Files\NetBeans-12.3\netbeans\java\modules\ext\spring-3.0\spring-orm-3.2.18.RELEASE.jar;C:\Program Files\NetBeans-12.3\netbeans\java\modules\ext\spring-3.0\spring-oxm-3.2.18.RELEASE.jar;C:\Program Files\NetBeans-12.3\netbeans\java\modules\ext\spring-3.0\spring-struts-3.2.18.RELEASE.jar;C:\Program Files\NetBeans-12.3\netbeans\java\modules\ext\spring-3.0\spring-test-3.2.18.RELEASE.jar;C:\Program Files\NetBeans-12.3\netbeans\java\modules\ext\spring-3.0\spring-tx-3.2.18.RELEASE.jar;C:\Program Files\NetBeans-12.3\netbeans\java\modules\ext\spring-3.0\spring-web-3.2.18.RELEASE.jar;C:\Program Files\NetBeans-12.3\netbeans\java\modules\ext\spring-3.0\spring-webmvc-3.2.18.RELEASE.jar;C:\Program Files\NetBeans-12.3\netbeans\java\modules\ext\spring-3.0\spring-webmvc-portlet-3.2.18.RELEASE.jar" />
    <property name="javac.test.classpath" value="D:\Install files\mysql-connector-java-8.0.16.jar:C:\Users\HP\Downloads\Compressed\TestFX-master:build/classes:C:\Program Files\NetBeans-12.3\netbeans\platform\modules\ext\junit-jupiter-api-5.6.0.jar;C:\Program Files\NetBeans-12.3\netbeans\platform\modules\ext\junit-jupiter-params-5.6.0.jar;C:\Program Files\NetBeans-12.3\netbeans\platform\modules\ext\junit-jupiter-engine-5.6.0.jar:C:\Users\HP\Downloads\Compressed\TestFX-master:C:\Program Files\NetBeans-12.3\netbeans\platform\modules\ext\junit-4.13.1.jar:C:\Program Files\NetBeans-12.3\netbeans\platform\modules\ext\hamcrest-core-1.3.jar:mockito-main:mockito-all-1.9.5.jar:byte-buddy-1.7.9.jar:byte-buddy-agent-1.7.9.jar:mockito-core-2.15.0.jar:objenesis-2.6.jar" />
    <property name="java.specification.version" value="10" />
    <property name="javafx.run.inbrowser.path" value="C:\Program Files\Mozilla Firefox\firefox.exe" />
    <property name="libs.spring-framework500.classpath" value="C:\Program Files\NetBeans-12.3\netbeans\platform\modules\org-apache-commons-logging.jar;C:\Program Files\NetBeans-12.3\netbeans\java\modules\ext\cglib-2.2.jar;C:\Program Files\NetBeans-12.3\netbeans\java\modules\ext\spring-5\spring-aop-5.2.9.RELEASE.jar;C:\Program Files\NetBeans-12.3\netbeans\java\modules\ext\spring-5\spring-aspects-5.2.9.RELEASE.jar;C:\Program Files\NetBeans-12.3\netbeans\java\modules\ext\spring-5\spring-beans-5.2.9.RELEASE.jar;C:\Program Files\NetBeans-12.3\netbeans\java\modules\ext\spring-5\spring-context-5.2.9.RELEASE.jar;C:\Program Files\NetBeans-12.3\netbeans\java\modules\ext\spring-5\spring-context-indexer-5.2.9.RELEASE.jar;C:\Program Files\NetBeans-12.3\netbeans\java\modules\ext\spring-5\spring-context-support-5.2.9.RELEASE.jar;C:\Program Files\NetBeans-12.3\netbeans\java\modules\ext\spring-5\spring-core-5.2.9.RELEASE.jar;C:\Program Files\NetBeans-12.3\netbeans\java\modules\ext\spring-5\spring-expression-5.2.9.RELEASE.jar;C:\Program Files\NetBeans-12.3\netbeans\java\modules\ext\spring-5\spring-instrument-5.2.9.RELEASE.jar;C:\Program Files\NetBeans-12.3\netbeans\java\modules\ext\spring-5\spring-jcl-5.2.9.RELEASE.jar;C:\Program Files\NetBeans-12.3\netbeans\java\modules\ext\spring-5\spring-jdbc-5.2.9.RELEASE.jar;C:\Program Files\NetBeans-12.3\netbeans\java\modules\ext\spring-5\spring-jms-5.2.9.RELEASE.jar;C:\Program Files\NetBeans-12.3\netbeans\java\modules\ext\spring-5\spring-messaging-5.2.9.RELEASE.jar;C:\Program Files\NetBeans-12.3\netbeans\java\modules\ext\spring-5\spring-orm-5.2.9.RELEASE.jar;C:\Program Files\NetBeans-12.3\netbeans\java\modules\ext\spring-5\spring-oxm-5.2.9.RELEASE.jar;C:\Program Files\NetBeans-12.3\netbeans\java\modules\ext\spring-5\spring-test-5.2.9.RELEASE.jar;C:\Program Files\NetBeans-12.3\netbeans\java\modules\ext\spring-5\spring-tx-5.2.9.RELEASE.jar;C:\Program Files\NetBeans-12.3\netbeans\java\modules\ext\spring-5\spring-web-5.2.9.RELEASE.jar;C:\Program Files\NetBeans-12.3\netbeans\java\modules\ext\spring-5\spring-webflux-5.2.9.RELEASE.jar;C:\Program Files\NetBeans-12.3\netbeans\java\modules\ext\spring-5\spring-webmvc-5.2.9.RELEASE.jar;C:\Program Files\NetBeans-12.3\netbeans\java\modules\ext\spring-5\spring-websocket-5.2.9.RELEASE.jar" />
    <property name="jar.index.metainf" value="false" />
    <property name="libs.spring-webmvc4.0.javadoc" value="" />
    <property name="javafx.preloader.project.path" value="" />
    <property name="libs.spring-framework400.classpath" value="C:\Program Files\NetBeans-12.3\netbeans\platform\modules\org-apache-commons-logging.jar;C:\Program Files\NetBeans-12.3\netbeans\java\modules\ext\cglib-2.2.jar;C:\Program Files\NetBeans-12.3\netbeans\java\modules\ext\spring-4\spring-aop-4.3.29.RELEASE.jar;C:\Program Files\NetBeans-12.3\netbeans\java\modules\ext\spring-4\spring-aspects-4.3.29.RELEASE.jar;C:\Program Files\NetBeans-12.3\netbeans\java\modules\ext\spring-4\spring-beans-4.3.29.RELEASE.jar;C:\Program Files\NetBeans-12.3\netbeans\java\modules\ext\spring-4\spring-context-4.3.29.RELEASE.jar;C:\Program Files\NetBeans-12.3\netbeans\java\modules\ext\spring-4\spring-context-support-4.3.29.RELEASE.jar;C:\Program Files\NetBeans-12.3\netbeans\java\modules\ext\spring-4\spring-core-4.3.29.RELEASE.jar;C:\Program Files\NetBeans-12.3\netbeans\java\modules\ext\spring-4\spring-expression-4.3.29.RELEASE.jar;C:\Program Files\NetBeans-12.3\netbeans\java\modules\ext\spring-4\spring-instrument-4.3.29.RELEASE.jar;C:\Program Files\NetBeans-12.3\netbeans\java\modules\ext\spring-4\spring-instrument-tomcat-4.3.29.RELEASE.jar;C:\Program Files\NetBeans-12.3\netbeans\java\modules\ext\spring-4\spring-jdbc-4.3.29.RELEASE.jar;C:\Program Files\NetBeans-12.3\netbeans\java\modules\ext\spring-4\spring-jms-4.3.29.RELEASE.jar;C:\Program Files\NetBeans-12.3\netbeans\java\modules\ext\spring-4\spring-messaging-4.3.29.RELEASE.jar;C:\Program Files\NetBeans-12.3\netbeans\java\modules\ext\spring-4\spring-orm-4.3.29.RELEASE.jar;C:\Program Files\NetBeans-12.3\netbeans\java\modules\ext\spring-4\spring-oxm-4.3.29.RELEASE.jar;C:\Program Files\NetBeans-12.3\netbeans\java\modules\ext\spring-4\spring-test-4.3.29.RELEASE.jar;C:\Program Files\NetBeans-12.3\netbeans\java\modules\ext\spring-4\spring-tx-4.3.29.RELEASE.jar;C:\Program Files\NetBeans-12.3\netbeans\java\modules\ext\spring-4\spring-web-4.3.29.RELEASE.jar;C:\Program Files\NetBeans-12.3\netbeans\java\modules\ext\spring-4\spring-webmvc-4.3.29.RELEASE.jar;C:\Program Files\NetBeans-12.3\netbeans\java\modules\ext\spring-4\spring-webmvc-portlet-4.3.29.RELEASE.jar;C:\Program Files\NetBeans-12.3\netbeans\java\modules\ext\spring-4\spring-websocket-4.3.29.RELEASE.jar" />
    <property name="test.binaryincludes" value="&lt;nothing&gt;" />
    <property name="do.jlink" value="false" />
    <property name="ant.file.type.jfx-impl" value="file" />
    <property name="debug-transport" value="dt_shmem" />
    <property name="libs.javaee-web-api-8.0.src" value="" />
    <property name="java.vendor.url" value="http://java.oracle.com/" />
    <property name="javafx.run.inbrowser" value="&lt;Default System Browser&gt;" />
    <property name="debug.modulepath" value="" />
    <property name="libs.eclipselink.javadoc" value="C:\Program Files\NetBeans-12.3\netbeans\java\modules\ext\docs\javax.persistence-2.2.1-doc.zip" />
    <property name="libs.jsp-compilation.src" value="" />
    <property name="libs.JWSAntTasks.javadoc" value="" />
    <property name="platform.home" value="C:\Program Files\Java\jdk-10.0.2" />
    <property name="sun.boot.library.path" value="C:\Program Files\Java\jdk-10.0.2\bin" />
    <property name="sun.java.command" value="org.apache.tools.ant.taskdefs.optional.junit.JUnitTestRunner model.DBTest skipNonTests=false filtertrace=true haltOnError=false haltOnFailure=false showoutput=true outputtoformatters=true logfailedtests=true threadid=0 logtestlistenerevents=true formatter=org.apache.tools.ant.taskdefs.optional.junit.BriefJUnitResultFormatter formatter=org.apache.tools.ant.taskdefs.optional.junit.XMLJUnitResultFormatter,E:\Codes\project\Restaurant-Management-master\build\test\results\TEST-model.DBTest.xml crashfile=E:\Codes\project\Restaurant-Management-master\build\junitvmwatcher8173067091960385990.properties propsfile=E:\Codes\project\Restaurant-Management-master\build\junit12974237159763614132.properties" />
    <property name="jdk.debug" value="release" />
    <property name="javafx.enable.concurrent.external.runs" value="false" />
    <property name="libs.spring-framework300.src" value="" />
    <property name="javadoc.use" value="true" />
    <property name="javadoc.notree" value="false" />
    <property name="basedir" value="E:\Codes\project\Restaurant-Management-master" />
    <property name="application.vendor" value="anas" />
    <property name="java.specification.name" value="Java Platform API Specification" />
    <property name="java.vm.specification.vendor" value="Oracle Corporation" />
    <property name="libs.jsf20.classpath" value="C:\Program Files\NetBeans-12.3\netbeans\enterprise\modules\ext\jsf-2_2\javax.faces.jar" />
    <property name="netbeans.extbrowser.manual_chrome_plugin_install" value="yes" />
    <property name="netbeans.default_userdir_root" value="C:\Users\HP\AppData\Roaming\NetBeans" />
    <property name="libs.spring-framework500.javadoc" value="" />
    <property name="libs.jsp-compilation-syscp.src" value="" />
    <property name="jdk.home" value="C:\Program Files\Java\jdk-15.0.2" />
    <property name="java.runtime.version" value="10.0.2+13" />
    <property name="libs.eclipselink.maven-pom" value="" />
    <property name="libs.metro.maven-pom" value="" />
    <property name="libs.JAXB-ENDORSED.javadoc" value="" />
    <property name="org.openide.awt.SwingBrowserImpl.do-not-block-awt" value="false" />
    <property name="sun.java2d.noddraw" value="true" />
    <property name="platform.bootcp" value="C:\Program Files\Java\jdk-10.0.2\!/modules/java.activation/;C:\Program Files\Java\jdk-10.0.2\!/modules/java.base/;C:\Program Files\Java\jdk-10.0.2\!/modules/java.compiler/;C:\Program Files\Java\jdk-10.0.2\!/modules/java.corba/;C:\Program Files\Java\jdk-10.0.2\!/modules/java.datatransfer/;C:\Program Files\Java\jdk-10.0.2\!/modules/java.desktop/;C:\Program Files\Java\jdk-10.0.2\!/modules/java.instrument/;C:\Program Files\Java\jdk-10.0.2\!/modules/java.jnlp/;C:\Program Files\Java\jdk-10.0.2\!/modules/java.logging/;C:\Program Files\Java\jdk-10.0.2\!/modules/java.management/;C:\Program Files\Java\jdk-10.0.2\!/modules/java.management.rmi/;C:\Program Files\Java\jdk-10.0.2\!/modules/java.naming/;C:\Program Files\Java\jdk-10.0.2\!/modules/java.prefs/;C:\Program Files\Java\jdk-10.0.2\!/modules/java.rmi/;C:\Program Files\Java\jdk-10.0.2\!/modules/java.scripting/;C:\Program Files\Java\jdk-10.0.2\!/modules/java.se/;C:\Program Files\Java\jdk-10.0.2\!/modules/java.se.ee/;C:\Program Files\Java\jdk-10.0.2\!/modules/java.security.jgss/;C:\Program Files\Java\jdk-10.0.2\!/modules/java.security.sasl/;C:\Program Files\Java\jdk-10.0.2\!/modules/java.smartcardio/;C:\Program Files\Java\jdk-10.0.2\!/modules/java.sql/;C:\Program Files\Java\jdk-10.0.2\!/modules/java.sql.rowset/;C:\Program Files\Java\jdk-10.0.2\!/modules/java.transaction/;C:\Program Files\Java\jdk-10.0.2\!/modules/java.xml/;C:\Program Files\Java\jdk-10.0.2\!/modules/java.xml.bind/;C:\Program Files\Java\jdk-10.0.2\!/modules/java.xml.crypto/;C:\Program Files\Java\jdk-10.0.2\!/modules/java.xml.ws/;C:\Program Files\Java\jdk-10.0.2\!/modules/java.xml.ws.annotation/;C:\Program Files\Java\jdk-10.0.2\!/modules/javafx.base/;C:\Program Files\Java\jdk-10.0.2\!/modules/javafx.controls/;C:\Program Files\Java\jdk-10.0.2\!/modules/javafx.deploy/;C:\Program Files\Java\jdk-10.0.2\!/modules/javafx.fxml/;C:\Program Files\Java\jdk-10.0.2\!/modules/javafx.graphics/;C:\Program Files\Java\jdk-10.0.2\!/modules/javafx.media/;C:\Program Files\Java\jdk-10.0.2\!/modules/javafx.swing/;C:\Program Files\Java\jdk-10.0.2\!/modules/javafx.web/;C:\Program Files\Java\jdk-10.0.2\!/modules/jdk.accessibility/;C:\Program Files\Java\jdk-10.0.2\!/modules/jdk.aot/;C:\Program Files\Java\jdk-10.0.2\!/modules/jdk.attach/;C:\Program Files\Java\jdk-10.0.2\!/modules/jdk.charsets/;C:\Program Files\Java\jdk-10.0.2\!/modules/jdk.compiler/;C:\Program Files\Java\jdk-10.0.2\!/modules/jdk.crypto.cryptoki/;C:\Program Files\Java\jdk-10.0.2\!/modules/jdk.crypto.ec/;C:\Program Files\Java\jdk-10.0.2\!/modules/jdk.crypto.mscapi/;C:\Program Files\Java\jdk-10.0.2\!/modules/jdk.deploy/;C:\Program Files\Java\jdk-10.0.2\!/modules/jdk.deploy.controlpanel/;C:\Program Files\Java\jdk-10.0.2\!/modules/jdk.dynalink/;C:\Program Files\Java\jdk-10.0.2\!/modules/jdk.editpad/;C:\Program Files\Java\jdk-10.0.2\!/modules/jdk.hotspot.agent/;C:\Program Files\Java\jdk-10.0.2\!/modules/jdk.httpserver/;C:\Program Files\Java\jdk-10.0.2\!/modules/jdk.incubator.httpclient/;C:\Program Files\Java\jdk-10.0.2\!/modules/jdk.internal.ed/;C:\Program Files\Java\jdk-10.0.2\!/modules/jdk.internal.jvmstat/;C:\Program Files\Java\jdk-10.0.2\!/modules/jdk.internal.le/;C:\Program Files\Java\jdk-10.0.2\!/modules/jdk.internal.opt/;C:\Program Files\Java\jdk-10.0.2\!/modules/jdk.internal.vm.ci/;C:\Program Files\Java\jdk-10.0.2\!/modules/jdk.internal.vm.compiler/;C:\Program Files\Java\jdk-10.0.2\!/modules/jdk.internal.vm.compiler.management/;C:\Program Files\Java\jdk-10.0.2\!/modules/jdk.jartool/;C:\Program Files\Java\jdk-10.0.2\!/modules/jdk.javadoc/;C:\Program Files\Java\jdk-10.0.2\!/modules/jdk.javaws/;C:\Program Files\Java\jdk-10.0.2\!/modules/jdk.jcmd/;C:\Program Files\Java\jdk-10.0.2\!/modules/jdk.jconsole/;C:\Program Files\Java\jdk-10.0.2\!/modules/jdk.jdeps/;C:\Program Files\Java\jdk-10.0.2\!/modules/jdk.jdi/;C:\Program Files\Java\jdk-10.0.2\!/modules/jdk.jdwp.agent/;C:\Program Files\Java\jdk-10.0.2\!/modules/jdk.jfr/;C:\Program Files\Java\jdk-10.0.2\!/modules/jdk.jlink/;C:\Program Files\Java\jdk-10.0.2\!/modules/jdk.jshell/;C:\Program Files\Java\jdk-10.0.2\!/modules/jdk.jsobject/;C:\Program Files\Java\jdk-10.0.2\!/modules/jdk.jstatd/;C:\Program Files\Java\jdk-10.0.2\!/modules/jdk.localedata/;C:\Program Files\Java\jdk-10.0.2\!/modules/jdk.management/;C:\Program Files\Java\jdk-10.0.2\!/modules/jdk.management.agent/;C:\Program Files\Java\jdk-10.0.2\!/modules/jdk.management.cmm/;C:\Program Files\Java\jdk-10.0.2\!/modules/jdk.management.jfr/;C:\Program Files\Java\jdk-10.0.2\!/modules/jdk.management.resource/;C:\Program Files\Java\jdk-10.0.2\!/modules/jdk.naming.dns/;C:\Program Files\Java\jdk-10.0.2\!/modules/jdk.naming.rmi/;C:\Program Files\Java\jdk-10.0.2\!/modules/jdk.net/;C:\Program Files\Java\jdk-10.0.2\!/modules/jdk.pack/;C:\Program Files\Java\jdk-10.0.2\!/modules/jdk.packager/;C:\Program Files\Java\jdk-10.0.2\!/modules/jdk.packager.services/;C:\Program Files\Java\jdk-10.0.2\!/modules/jdk.plugin/;C:\Program Files\Java\jdk-10.0.2\!/modules/jdk.plugin.server/;C:\Program Files\Java\jdk-10.0.2\!/modules/jdk.rmic/;C:\Program Files\Java\jdk-10.0.2\!/modules/jdk.scripting.nashorn/;C:\Program Files\Java\jdk-10.0.2\!/modules/jdk.scripting.nashorn.shell/;C:\Program Files\Java\jdk-10.0.2\!/modules/jdk.sctp/;C:\Program Files\Java\jdk-10.0.2\!/modules/jdk.security.auth/;C:\Program Files\Java\jdk-10.0.2\!/modules/jdk.security.jgss/;C:\Program Files\Java\jdk-10.0.2\!/modules/jdk.snmp/;C:\Program Files\Java\jdk-10.0.2\!/modules/jdk.unsupported/;C:\Program Files\Java\jdk-10.0.2\!/modules/jdk.xml.bind/;C:\Program Files\Java\jdk-10.0.2\!/modules/jdk.xml.dom/;C:\Program Files\Java\jdk-10.0.2\!/modules/jdk.xml.ws/;C:\Program Files\Java\jdk-10.0.2\!/modules/jdk.zipfs/;C:\Program Files\Java\jdk-10.0.2\!/modules/oracle.desktop/;C:\Program Files\Java\jdk-10.0.2\!/modules/oracle.net/" />
    <property name="sun.zip.disableMemoryMapping" value="true" />
    <property name="guice.disable.misplaced.annotation.check" value="true" />
    <property name="jnidispatch.path" value="C:\Users\HP\AppData\Local\Temp\jna-2394208\jna11980232767842296264.dll" />
    <property name="libs.MySQLDriver.maven-pom" value="" />
    <property name="libs.jsp-compilation.javadoc" value="" />
    <property name="libs.primefaces.javadoc" value="" />
    <property name="libs.jsf12.src" value="" />
    <property name="libs.groovy-all.maven-pom" value="" />
    <property name="libs.restapi.src" value="" />
    <property name="javafx.deploy.adddesktopshortcut" value="false" />
    <property name="java.vendor.version" value="18.3" />
    <property name="libs.junit_5.javadoc" value="C:\Program Files\NetBeans-12.3\netbeans\platform\docs\junit-jupiter-api-5.6.0-javadoc.jar;C:\Program Files\NetBeans-12.3\netbeans\platform\docs\junit-jupiter-params-5.6.0-javadoc.jar;C:\Program Files\NetBeans-12.3\netbeans\platform\docs\junit-jupiter-engine-5.6.0-javadoc.jar" />
    <property name="jnlp.enabled" value="false" />
    <property name="java.io.tmpdir" value="C:\Users\HP\AppData\Local\Temp\" />
    <property name="java.version" value="10.0.2" />
    <property name="java.vm.specification.name" value="Java Virtual Machine Specification" />
    <property name="libs.jakartaee-api-8.0.javadoc" value="C:\Program Files\NetBeans-12.3\netbeans\enterprise\docs\jakartaee8-doc-api.jar" />
    <property name="ant.file.jfx-impl" value="E:\Codes\project\Restaurant-Management-master\nbproject\jfx-impl.xml" />
    <property name="java.library.path" value="C:\Program Files\Java\jdk-10.0.2\bin;C:\WINDOWS\Sun\Java\bin;C:\WINDOWS\system32;C:\WINDOWS;C:\Program Files (x86)\Common Files\Oracle\Java\javapath;C:\Program Files\Common Files\Oracle\Java\javapath;C:\WINDOWS\system32;C:\WINDOWS;C:\WINDOWS\System32\Wbem;C:\WINDOWS\System32\WindowsPowerShell\v1.0\;C:\WINDOWS\System32\OpenSSH\;C:\Program Files (x86)\Skype\Phone\;C:\Program Files (x86)\Wolfram Research\WolframScript\;d:\software\quartus\bin;D:\Install files\Git\cmd;D:\Install files\Git\mingw64\bin;D:\Install files\Git\usr\bin;C:\Program Files (x86)\HP\IdrsOCR_15.2.10.1114\;C:\Program Files\MySQL\MySQL Shell 8.0\bin\;C:\Users\HP\AppData\Local\Microsoft\WindowsApps;C:\Users\HP\AppData\Local\GitHubDesktop\bin;;D:\Install files\Microsoft VS Code\bin;." />
    <property name="libs.hamcrest.src" value="" />
    <property name="java.vendor" value="Oracle Corporation" />
    <property name="libs.testng.javadoc" value="C:\Program Files\NetBeans-12.3\netbeans\platform\docs\testng-6.13.1-javadoc.jar" />
    <property name="libs.groovy-all.src" value="" />
    <property name="meta.inf.dir" value="src/META-INF" />
    <property name="run.upgrademodulepath" value="" />
    <property name="ant.file.Restaurant" value="E:\Codes\project\Restaurant-Management-master\build.xml" />
    <property name="compile.on.save" value="true" />
    <property name="libs.testng.maven-pom" value="" />
    <property name="org.openide.version" value="deprecated" />
    <property name="test.includes" value="model/DBTest.java" />
    <property name="run.classpath" value="dist/Restaurant.jar:D:\Install files\mysql-connector-java-8.0.16.jar:C:\Users\HP\Downloads\Compressed\TestFX-master:build/classes" />
    <property name="libs.jaxb.src" value="" />
    <property name="test.src.dir" value="test" />
    <property name="sun.awt.enableExtraMouseButtons" value="true" />
    <property name="org.openide.major.version" value="IDE/1" />
    <property name="libs.spring-framework300.javadoc" value="" />
    <property name="ap.proc.none.internal" value="" />
    <property name="org.openide.specification.version" value="6.2" />
    <property name="user.timezone" value="" />
    <property name="jar.index" value="false" />
    <property name="libs.jpa20-persistence.classpath" value="C:\Program Files\NetBeans-12.3\netbeans\java\modules\ext\eclipselink\javax.persistence-2.2.1.jar" />
    <property name="java.vm.specification.version" value="10" />
    <property name="libs.eclipselinkmodelgen.javadoc" value="" />
    <property name="libs.junit_5.classpath" value="C:\Program Files\NetBeans-12.3\netbeans\platform\modules\ext\junit-jupiter-api-5.6.0.jar;C:\Program Files\NetBeans-12.3\netbeans\platform\modules\ext\junit-jupiter-params-5.6.0.jar;C:\Program Files\NetBeans-12.3\netbeans\platform\modules\ext\junit-jupiter-engine-5.6.0.jar" />
    <property name="javadoc.noindex" value="false" />
    <property name="javadoc.private" value="false" />
    <property name="libs.MyLibrary.maven-pom" value="" />
    <property name="libs.spring-webmvc4.0.maven-pom" value="" />
    <property name="javafx.preloader.enabled" value="false" />
    <property name="libs.JAXB-ENDORSED.maven-pom" value="" />
    <property name="user.home" value="C:\Users\HP" />
    <property name="libs.eclipselinkmodelgen.maven-pom" value="" />
    <property name="have.sources" value="true" />
    <property name="javafx.signing.enabled" value="false" />
    <property name="annotation.processing.processors.list" value="" />
    <property name="jlink.launcher" value="false" />
    <property name="javac.deprecation" value="false" />
    <property name="javafx.preloader.jar.filename" value="" />
    <property name="platform.javac" value="C:\Program Files\Java\jdk-10.0.2/bin/javac" />
    <property name="build.generated.sources.dir" value="build/generated-sources" />
    <property name="plugin.manager.check.updates" value="false" />
    <property name="libs.FxAssert.maven-pom" value="" />
    <property name="netbeans.autoupdate.language" value="en" />
    <property name="libs.eclipselinkmodelgen.src" value="" />
    <property name="build.compiler.emacs" value="true" />
    <property name="build.classes.excludes" value="**/*.java,**/*.form" />
    <property name="dist.jar" value="dist/Restaurant.jar" />
    <property name="libs.spring-webmvc4.0.classpath" value="C:\Program Files\NetBeans-12.3\netbeans\java\modules\ext\spring-4\spring-webmvc-4.3.29.RELEASE.jar" />
    <property name="modules.supported.internal" value="true" />
    <property name="libs.javaee-endorsed-api-7.0.javadoc" value="C:\Program Files\NetBeans-12.3\netbeans\enterprise\docs\javaee-doc-api.jar" />
    <property name="os.version" value="10.0" />
    <property name="netbeans.home" value="C:\Program Files\NetBeans-12.3\netbeans\platform" />
    <property name="libs.CopyLibs.javadoc" value="" />
    <property name="debug-transport-by-os" value="dt_shmem" />
    <property name="libs.javaee-api-8.0.javadoc" value="C:\Program Files\NetBeans-12.3\netbeans\enterprise\docs\javaee-doc-api.jar" />
    <property name="libs.jsf20.src" value="" />
    <property name="java.vm.name" value="Java HotSpot(TM) 64-Bit Server VM" />
    <property name="unnamed.module.internal" value="true" />
    <property name="libs.jstl.javadoc" value="C:\Program Files\NetBeans-12.3\netbeans\enterprise\docs\javaee-doc-api.jar" />
    <property name="libs.javaee-endorsed-api-7.0.maven-pom" value="" />
    <property name="libs.jaxws21.classpath" value="C:\Program Files\NetBeans-12.3\netbeans\ide\modules\ext\jaxb\jaxb-impl.jar;C:\Program Files\NetBeans-12.3\netbeans\ide\modules\ext\jaxb\jaxb-xjc.jar;C:\Program Files\NetBeans-12.3\netbeans\java\modules\ext\jaxws22\FastInfoset.jar;C:\Program Files\NetBeans-12.3\netbeans\java\modules\ext\jaxws22\gmbal-api-only.jar;C:\Program Files\NetBeans-12.3\netbeans\java\modules\ext\jaxws22\ha-api.jar;C:\Program Files\NetBeans-12.3\netbeans\java\modules\ext\jaxws22\javax.mail_1.4.jar;C:\Program Files\NetBeans-12.3\netbeans\java\modules\ext\jaxws22\jaxws-rt.jar;C:\Program Files\NetBeans-12.3\netbeans\java\modules\ext\jaxws22\jaxws-tools.jar;C:\Program Files\NetBeans-12.3\netbeans\java\modules\ext\jaxws22\management-api.jar;C:\Program Files\NetBeans-12.3\netbeans\java\modules\ext\jaxws22\mimepull.jar;C:\Program Files\NetBeans-12.3\netbeans\java\modules\ext\jaxws22\policy.jar;C:\Program Files\NetBeans-12.3\netbeans\java\modules\ext\jaxws22\saaj-impl.jar;C:\Program Files\NetBeans-12.3\netbeans\java\modules\ext\jaxws22\stax-ex.jar;C:\Program Files\NetBeans-12.3\netbeans\java\modules\ext\jaxws22\stax2-api.jar;C:\Program Files\NetBeans-12.3\netbeans\java\modules\ext\jaxws22\streambuffer.jar;C:\Program Files\NetBeans-12.3\netbeans\java\modules\ext\jaxws22\woodstox-core-asl.jar;C:\Program Files\NetBeans-12.3\netbeans\java\modules\ext\jaxws22\api\jaxws-api.jar;C:\Program Files\NetBeans-12.3\netbeans\java\modules\ext\jaxws22\api\jsr181-api.jar;C:\Program Files\NetBeans-12.3\netbeans\java\modules\ext\jaxws22\api\javax.annotation.jar;C:\Program Files\NetBeans-12.3\netbeans\java\modules\ext\jaxws22\api\saaj-api.jar;C:\Program Files\NetBeans-12.3\netbeans\ide\modules\ext\jaxb\activation.jar;C:\Program Files\NetBeans-12.3\netbeans\ide\modules\ext\jaxb\api\jaxb-api.jar" />
    <property name="libs.restapi.classpath" value="C:\Program Files\NetBeans-12.3\netbeans\enterprise\modules\ext\jaxrs-2.0\javax.ws.rs-api-2.0.jar" />
    <property name="os.arch" value="amd64" />
    <property name="build.generated.dir" value="build/generated" />
    <property name="libs.groovy-all.javadoc" value="" />
    <property name="javafx.deploy.embedJNLP" value="true" />
    <property name="libs.jakartaee-api-8.0.classpath" value="C:\Program Files\NetBeans-12.3\netbeans\enterprise\modules\ext\jakarta.jakartaee-api-8.0.0.jar" />
    <property name="javafx.deploy.includeDT" value="true" />
    <property name="libs.javaee-web-api-7.0.javadoc" value="C:\Program Files\NetBeans-12.3\netbeans\enterprise\docs\javaee-doc-api.jar" />
    <property name="libs.javaee-endorsed-api-6.0.src" value="" />
    <property name="file.reference.mockito-all-1.9.5.jar" value="mockito-all-1.9.5.jar" />
    <property name="libs.jsf12.maven-pom" value="" />
    <property name="libs.javaee-endorsed-api-7.0.classpath" value="C:\Program Files\NetBeans-12.3\netbeans\enterprise\modules\ext\javaee7-endorsed\javax.annotation-api.jar;C:\Program Files\NetBeans-12.3\netbeans\enterprise\modules\ext\javaee7-endorsed\javax.xml.soap-api.jar;C:\Program Files\NetBeans-12.3\netbeans\enterprise\modules\ext\javaee7-endorsed\jaxb-api-osgi.jar;C:\Program Files\NetBeans-12.3\netbeans\enterprise\modules\ext\javaee7-endorsed\jaxws-api.jar;C:\Program Files\NetBeans-12.3\netbeans\enterprise\modules\ext\javaee7-endorsed\jsr181-api.jar" />
    <property name="org.netbeans.io.suspend" value="0" />
    <property name="libs.primefaces.maven-pom" value="" />
    <property name="libs.FxAssert.src" value="" />
    <property name="awt.toolkit" value="sun.awt.windows.WToolkit" />
    <property name="ant.project.name" value="Restaurant" />
    <property name="dist.javadoc.dir" value="dist/javadoc" />
    <property name="default.javac.target" value="15" />
    <property name="libs.eclipselink.classpath" value="C:\Program Files\NetBeans-12.3\netbeans\java\modules\ext\eclipselink\org.eclipse.persistence.core-2.7.7.jar;C:\Program Files\NetBeans-12.3\netbeans\java\modules\ext\eclipselink\org.eclipse.persistence.asm-2.7.7.jar;C:\Program Files\NetBeans-12.3\netbeans\java\modules\ext\eclipselink\org.eclipse.persistence.antlr-2.7.7.jar;C:\Program Files\NetBeans-12.3\netbeans\java\modules\ext\eclipselink\org.eclipse.persistence.jpa-2.7.7.jar;C:\Program Files\NetBeans-12.3\netbeans\java\modules\ext\eclipselink\org.eclipse.persistence.jpa.jpql-2.7.7.jar;C:\Program Files\NetBeans-12.3\netbeans\java\modules\ext\eclipselink\org.eclipse.persistence.moxy-2.7.7.jar;C:\Program Files\NetBeans-12.3\netbeans\java\modules\ext\eclipselink\javax.persistence-2.2.1.jar" />
    <property name="file.reference.byte-buddy-agent-1.7.9.jar" value="byte-buddy-agent-1.7.9.jar" />
    <property name="libs.struts.classpath" value="C:\Program Files\NetBeans-12.3\netbeans\enterprise\modules\ext\struts\antlr-2.7.2.jar;C:\Program Files\NetBeans-12.3\netbeans\enterprise\modules\ext\struts\bsf-2.3.0.jar;C:\Program Files\NetBeans-12.3\netbeans\enterprise\modules\ext\struts\commons-beanutils-1.8.0.jar;C:\Program Files\NetBeans-12.3\netbeans\enterprise\modules\ext\struts\commons-chain-1.2.jar;C:\Program Files\NetBeans-12.3\netbeans\enterprise\modules\ext\struts\commons-digester-1.8.jar;C:\Program Files\NetBeans-12.3\netbeans\enterprise\modules\ext\struts\commons-fileupload-1.1.1.jar;C:\Program Files\NetBeans-12.3\netbeans\enterprise\modules\ext\struts\commons-io-1.1.jar;C:\Program Files\NetBeans-12.3\netbeans\enterprise\modules\ext\struts\commons-logging-1.0.4.jar;C:\Program Files\NetBeans-12.3\netbeans\enterprise\modules\ext\struts\commons-validator-1.3.1.jar;C:\Program Files\NetBeans-12.3\netbeans\enterprise\modules\ext\struts\jstl-1.0.2.jar;C:\Program Files\NetBeans-12.3\netbeans\enterprise\modules\ext\struts\oro-2.0.8.jar;C:\Program Files\NetBeans-12.3\netbeans\enterprise\modules\ext\struts\standard-1.0.6.jar;C:\Program Files\NetBeans-12.3\netbeans\enterprise\modules\ext\struts\struts-core-1.3.10.jar;C:\Program Files\NetBeans-12.3\netbeans\enterprise\modules\ext\struts\struts-el-1.3.10.jar;C:\Program Files\NetBeans-12.3\netbeans\enterprise\modules\ext\struts\struts-extras-1.3.10.jar;C:\Program Files\NetBeans-12.3\netbeans\enterprise\modules\ext\struts\struts-faces-1.3.10.jar;C:\Program Files\NetBeans-12.3\netbeans\enterprise\modules\ext\struts\struts-mailreader-dao-1.3.10.jar;C:\Program Files\NetBeans-12.3\netbeans\enterprise\modules\ext\struts\struts-scripting-1.3.10.jar;C:\Program Files\NetBeans-12.3\netbeans\enterprise\modules\ext\struts\struts-taglib-1.3.10.jar;C:\Program Files\NetBeans-12.3\netbeans\enterprise\modules\ext\struts\struts-tiles-1.3.10.jar" />
    <property name="libs.MyLibrary.javadoc" value="" />
    <property name="libs.PostgreSQLDriver.maven-pom" value="" />
    <property name="libs.absolutelayout.src" value="" />
    <property name="do.depend.true" value="true" />
    <property name="testng.mode" value="testng" />
    <property name="annotation.processing.enabled.in.editor" value="false" />
    <property name="java.vm.compressedOopsMode" value="Zero based" />
    <property name="native.bundling.enabled" value="false" />
    <property name="netbeans.productversion" value="Apache NetBeans IDE 12.3" />
    <property name="mkdist.disabled" value="false" />
    <property name="libs.javaee-web-api-6.0.javadoc" value="C:\Program Files\NetBeans-12.3\netbeans\enterprise\docs\javaee-doc-api.jar" />
    <property name="libs.javaee-api-7.0.maven-pom" value="" />
    <property name="libs.groovy-all.classpath" value="C:\Program Files\NetBeans-12.3\netbeans\groovy\modules\ext\groovy.jar;C:\Program Files\NetBeans-12.3\netbeans\groovy\modules\ext\groovy-ant.jar" />
    <property name="libs.absolutelayout.javadoc" value="" />
    <property name="module.build.classes.dir" value="build/classes" />
    <property name="libs.jaxb.maven-pom" value="" />
    <property name="annotation.processing.processor.options" value="" />
    <property name="libs.javaee-api-6.0.maven-pom" value="" />
    <property name="dist.dir" value="dist" />
    <property name="build.dir" value="build" />
    <property name="libs.graaljs.maven-pom" value="" />
    <property name="netbeans.autoupdate.variant" value="" />
    <property name="javadoc.version" value="false" />
    <property name="libs.metro.classpath" value="C:\Program Files\NetBeans-12.3\netbeans\ide\modules\ext\jaxb\activation.jar;C:\Program Files\NetBeans-12.3\netbeans\enterprise\modules\ext\metro\webservices-api.jar;C:\Program Files\NetBeans-12.3\netbeans\enterprise\modules\ext\metro\webservices-extra-api.jar;C:\Program Files\NetBeans-12.3\netbeans\enterprise\modules\ext\metro\webservices-extra.jar;C:\Program Files\NetBeans-12.3\netbeans\enterprise\modules\ext\metro\webservices-rt.jar;C:\Program Files\NetBeans-12.3\netbeans\enterprise\modules\ext\metro\webservices-tools.jar" />
    <property name="libs.metro.src" value="" />
    <property name="libs.CopyLibs.classpath" value="C:\Program Files\NetBeans-12.3\netbeans\java\ant\extra\org-netbeans-modules-java-j2seproject-copylibstask.jar" />
    <property name="sun.os.patch.level" value="" />
    <property name="platforms.JDK_10.home" value="C:\Program Files\Java\jdk-10.0.2" />
    <property name="javadoc.html5" value="false" />
    <property name="javac.test.processorpath" value="D:\Install files\mysql-connector-java-8.0.16.jar:C:\Users\HP\Downloads\Compressed\TestFX-master:build/classes:C:\Program Files\NetBeans-12.3\netbeans\platform\modules\ext\junit-jupiter-api-5.6.0.jar;C:\Program Files\NetBeans-12.3\netbeans\platform\modules\ext\junit-jupiter-params-5.6.0.jar;C:\Program Files\NetBeans-12.3\netbeans\platform\modules\ext\junit-jupiter-engine-5.6.0.jar:C:\Users\HP\Downloads\Compressed\TestFX-master:C:\Program Files\NetBeans-12.3\netbeans\platform\modules\ext\junit-4.13.1.jar:C:\Program Files\NetBeans-12.3\netbeans\platform\modules\ext\hamcrest-core-1.3.jar:mockito-main:mockito-all-1.9.5.jar:byte-buddy-1.7.9.jar:byte-buddy-agent-1.7.9.jar:mockito-core-2.15.0.jar:objenesis-2.6.jar" />
    <property name="libs.javaee-web-api-7.0.maven-pom" value="" />
    <property name="libs.javaee-web-api-8.0.maven-pom" value="" />
    <property name="netbeans.dirs" value="C:\Program Files\NetBeans-12.3\netbeans\nb;C:\Program Files\NetBeans-12.3\netbeans\ergonomics;C:\Program Files\NetBeans-12.3\netbeans\ide;C:\Program Files\NetBeans-12.3\netbeans\extide;C:\Program Files\NetBeans-12.3\netbeans\java;C:\Program Files\NetBeans-12.3\netbeans\apisupport;C:\Program Files\NetBeans-12.3\netbeans\webcommon;C:\Program Files\NetBeans-12.3\netbeans\websvccommon;C:\Program Files\NetBeans-12.3\netbeans\enterprise;C:\Program Files\NetBeans-12.3\netbeans\mobility;C:\Program Files\NetBeans-12.3\netbeans\profiler;C:\Program Files\NetBeans-12.3\netbeans\python;C:\Program Files\NetBeans-12.3\netbeans\php;C:\Program Files\NetBeans-12.3\netbeans\identity;C:\Program Files\NetBeans-12.3\netbeans\harness;C:\Program Files\NetBeans-12.3\netbeans\cnd;C:\Program Files\NetBeans-12.3\netbeans\cndext;C:\Program Files\NetBeans-12.3\netbeans\cpplite;C:\Program Files\NetBeans-12.3\netbeans\dlight;C:\Program Files\NetBeans-12.3\netbeans\groovy;C:\Program Files\NetBeans-12.3\netbeans\extra;C:\Program Files\NetBeans-12.3\netbeans\javacard;C:\Program Files\NetBeans-12.3\netbeans\javafx" />
    <property name="javafx.deploy.allowoffline" value="true" />
    <property name="libs.hamcrest.maven-pom" value="" />
    <property name="javafx.signing.blob" value="false" />
    <property name="javac.processorpath" value="D:\Install files\mysql-connector-java-8.0.16.jar:C:\Users\HP\Downloads\Compressed\TestFX-master" />
    <property name="libs.javaee-api-6.0.javadoc" value="C:\Program Files\NetBeans-12.3\netbeans\enterprise\docs\javaee-doc-api.jar" />
    <property name="libs.JWSAntTasks.maven-pom" value="" />
    <property name="javafx.run.width" value="800" />
    <property name="platform.javac.tmp" value="${platforms.JDK_10.javac}" />
    <property name="javafx.rebase.libs" value="false" />
    <property name="javafx.preloader.class" value="" />
    <property name="run.modulepath" value="" />
    <property name="javac.upgrademodulepath" value="" />
    <property name="apple.laf.useScreenMenuBar" value="true" />
    <property name="user.country" value="IN" />
    <property name="sun.java.launcher" value="SUN_STANDARD" />
    <property name="libs.jpa20-persistence.src" value="" />
    <property name="libs.restapi.javadoc" value="" />
    <property name="endorsed.classpath" value="" />
    <property name="javac.test.sourcepath" value="E:\Codes\project\Restaurant-Management-master\build\empty" />
    <property name="libs.spring-webmvc3.0.maven-pom" value="" />
    <property name="includes" value="**" />
    <property name="libs.jsf12.javadoc" value="C:\Program Files\NetBeans-12.3\netbeans\enterprise\docs\javaee-doc-api.jar" />
    <property name="libs.hamcrest.classpath" value="C:\Program Files\NetBeans-12.3\netbeans\platform\modules\ext\hamcrest-core-1.3.jar" />
    <property name="javadoc.splitindex" value="true" />
    <property name="libs.JWSAntTasks.classpath" value="C:\Program Files\NetBeans-12.3\netbeans\java\ant\extra\org-netbeans-modules-javawebstart-anttasks.jar" />
    <property name="junit.available" value="true" />
    <property name="platforms.JDK_9.bootclasspath" value="D:\Install files\jdk\jdk-9\!/modules/java.activation/;D:\Install files\jdk\jdk-9\!/modules/java.base/;D:\Install files\jdk\jdk-9\!/modules/java.compiler/;D:\Install files\jdk\jdk-9\!/modules/java.corba/;D:\Install files\jdk\jdk-9\!/modules/java.datatransfer/;D:\Install files\jdk\jdk-9\!/modules/java.desktop/;D:\Install files\jdk\jdk-9\!/modules/java.instrument/;D:\Install files\jdk\jdk-9\!/modules/java.logging/;D:\Install files\jdk\jdk-9\!/modules/java.management/;D:\Install files\jdk\jdk-9\!/modules/java.management.rmi/;D:\Install files\jdk\jdk-9\!/modules/java.naming/;D:\Install files\jdk\jdk-9\!/modules/java.prefs/;D:\Install files\jdk\jdk-9\!/modules/java.rmi/;D:\Install files\jdk\jdk-9\!/modules/java.scripting/;D:\Install files\jdk\jdk-9\!/modules/java.se/;D:\Install files\jdk\jdk-9\!/modules/java.se.ee/;D:\Install files\jdk\jdk-9\!/modules/java.security.jgss/;D:\Install files\jdk\jdk-9\!/modules/java.security.sasl/;D:\Install files\jdk\jdk-9\!/modules/java.smartcardio/;D:\Install files\jdk\jdk-9\!/modules/java.sql/;D:\Install files\jdk\jdk-9\!/modules/java.sql.rowset/;D:\Install files\jdk\jdk-9\!/modules/java.transaction/;D:\Install files\jdk\jdk-9\!/modules/java.xml/;D:\Install files\jdk\jdk-9\!/modules/java.xml.bind/;D:\Install files\jdk\jdk-9\!/modules/java.xml.crypto/;D:\Install files\jdk\jdk-9\!/modules/java.xml.ws/;D:\Install files\jdk\jdk-9\!/modules/java.xml.ws.annotation/;D:\Install files\jdk\jdk-9\!/modules/jdk.accessibility/;D:\Install files\jdk\jdk-9\!/modules/jdk.attach/;D:\Install files\jdk\jdk-9\!/modules/jdk.charsets/;D:\Install files\jdk\jdk-9\!/modules/jdk.compiler/;D:\Install files\jdk\jdk-9\!/modules/jdk.crypto.cryptoki/;D:\Install files\jdk\jdk-9\!/modules/jdk.crypto.ec/;D:\Install files\jdk\jdk-9\!/modules/jdk.crypto.mscapi/;D:\Install files\jdk\jdk-9\!/modules/jdk.dynalink/;D:\Install files\jdk\jdk-9\!/modules/jdk.editpad/;D:\Install files\jdk\jdk-9\!/modules/jdk.hotspot.agent/;D:\Install files\jdk\jdk-9\!/modules/jdk.httpserver/;D:\Install files\jdk\jdk-9\!/modules/jdk.incubator.httpclient/;D:\Install files\jdk\jdk-9\!/modules/jdk.internal.ed/;D:\Install files\jdk\jdk-9\!/modules/jdk.internal.jvmstat/;D:\Install files\jdk\jdk-9\!/modules/jdk.internal.le/;D:\Install files\jdk\jdk-9\!/modules/jdk.internal.opt/;D:\Install files\jdk\jdk-9\!/modules/jdk.internal.vm.ci/;D:\Install files\jdk\jdk-9\!/modules/jdk.jartool/;D:\Install files\jdk\jdk-9\!/modules/jdk.javadoc/;D:\Install files\jdk\jdk-9\!/modules/jdk.jcmd/;D:\Install files\jdk\jdk-9\!/modules/jdk.jconsole/;D:\Install files\jdk\jdk-9\!/modules/jdk.jdeps/;D:\Install files\jdk\jdk-9\!/modules/jdk.jdi/;D:\Install files\jdk\jdk-9\!/modules/jdk.jdwp.agent/;D:\Install files\jdk\jdk-9\!/modules/jdk.jlink/;D:\Install files\jdk\jdk-9\!/modules/jdk.jshell/;D:\Install files\jdk\jdk-9\!/modules/jdk.jsobject/;D:\Install files\jdk\jdk-9\!/modules/jdk.jstatd/;D:\Install files\jdk\jdk-9\!/modules/jdk.localedata/;D:\Install files\jdk\jdk-9\!/modules/jdk.management/;D:\Install files\jdk\jdk-9\!/modules/jdk.management.agent/;D:\Install files\jdk\jdk-9\!/modules/jdk.naming.dns/;D:\Install files\jdk\jdk-9\!/modules/jdk.naming.rmi/;D:\Install files\jdk\jdk-9\!/modules/jdk.net/;D:\Install files\jdk\jdk-9\!/modules/jdk.pack/;D:\Install files\jdk\jdk-9\!/modules/jdk.policytool/;D:\Install files\jdk\jdk-9\!/modules/jdk.rmic/;D:\Install files\jdk\jdk-9\!/modules/jdk.scripting.nashorn/;D:\Install files\jdk\jdk-9\!/modules/jdk.scripting.nashorn.shell/;D:\Install files\jdk\jdk-9\!/modules/jdk.sctp/;D:\Install files\jdk\jdk-9\!/modules/jdk.security.auth/;D:\Install files\jdk\jdk-9\!/modules/jdk.security.jgss/;D:\Install files\jdk\jdk-9\!/modules/jdk.unsupported/;D:\Install files\jdk\jdk-9\!/modules/jdk.xml.bind/;D:\Install files\jdk\jdk-9\!/modules/jdk.xml.dom/;D:\Install files\jdk\jdk-9\!/modules/jdk.xml.ws/;D:\Install files\jdk\jdk-9\!/modules/jdk.zipfs/" />
    <property name="javac.processormodulepath" value="" />
    <property name="javadoc.encoding" value="UTF-8" />
    <property name="netbeans.hash.code" value="unique=NB_EXTIDE_JAVA_PHP_WEBCOMMON_WEBEE00bd4de2c-269f-4f57-b8b0-9949a03d8499_cd00ea78-3a0f-424c-8753-154c7fa6b19b" />
    <property name="libs.jsp-compilation-syscp.maven-pom" value="" />
    <property name="ant.file.type.Restaurant" value="file" />
    <property name="libs.jstl.src" value="" />
    <property name="jlink.strip" value="false" />
    <property name="platform.javadoc" value="C:\Program Files\Java\jdk-10.0.2/bin/javadoc" />
    <property name="libs.spring-webmvc3.0.classpath" value="C:\Program Files\NetBeans-12.3\netbeans\java\modules\ext\spring-3.0\spring-webmvc-3.2.18.RELEASE.jar" />
    <property name="java.runtime.name" value="Java(TM) SE Runtime Environment" />
    <property name="manifest.available" value="true" />
    <property name="libs.jaxb.javadoc" value="C:\Program Files\NetBeans-12.3\netbeans\ide\docs\jaxb-api-doc.jar" />
    <property name="libs.spring-framework500.maven-pom" value="" />
    <property name="run.jvmargs.ide" value="" />
    <property name="ant.core.lib" value="C:\Program Files\NetBeans-12.3\netbeans\extide\ant\lib\ant.jar" />
    <property name="libs.jsp-compilation.maven-pom" value="" />
    <property name="javac.profile.cmd.line.arg" value="" />
    <property name="application.title" value="Restaurant" />
    <property name="javac.test.modulepath" value="" />
    <property name="ignore.failing.tests" value="true" />
    <property name="libs.PostgreSQLDriver.javadoc" value="" />
    <property name="javafx.deploy.addstartmenushortcut" value="false" />
    <property name="libs.jsp-compilation-syscp.classpath" value="C:\Program Files\NetBeans-12.3\netbeans\extide\ant\lib\ant.jar;C:\Program Files\NetBeans-12.3\netbeans\enterprise\modules\ext\servlet3.1-jsp2.3-api.jar;C:\Program Files\NetBeans-12.3\netbeans\enterprise\modules\ext\glassfish-jspparser-4.0.jar;C:\Program Files\NetBeans-12.3\netbeans\enterprise\modules\ext\jstl-impl.jar;C:\Program Files\NetBeans-12.3\netbeans\enterprise\modules\ext\jsf-2_2\javax.faces.jar" />
    <property name="libs.jsp-compilation.classpath" value="C:\Program Files\NetBeans-12.3\netbeans\extide\ant\lib\ant.jar;C:\Program Files\NetBeans-12.3\netbeans\enterprise\modules\ext\servlet3.1-jsp2.3-api.jar;C:\Program Files\NetBeans-12.3\netbeans\enterprise\modules\ext\glassfish-jspparser-4.0.jar;C:\Program Files\NetBeans-12.3\netbeans\enterprise\modules\ext\jsf-2_2\javax.faces.jar;C:\Program Files\NetBeans-12.3\netbeans\enterprise\modules\ext\jstl-api.jar;C:\Program Files\NetBeans-12.3\netbeans\extide\ant\lib\ant-launcher.jar" />
    <property name="platforms.JDK_1.8.compiler" value="modern" />
    <property name="platforms.JDK_9.home" value="D:\Install files\jdk\jdk-9" />
    <property name="libs.javaee-api-6.0.classpath" value="C:\Program Files\NetBeans-12.3\netbeans\enterprise\modules\ext\javaee-api-6.0.jar" />
    <property name="javac.includesfile.binary" value="E:\Codes\project\Restaurant-Management-master\null2135337754" />
    <property name="libs.javaee-api-7.0.classpath" value="C:\Program Files\NetBeans-12.3\netbeans\enterprise\modules\ext\javaee-api-7.0.jar" />
    <property name="javafx.run.as" value="standalone" />
    <property name="sun.cpu.isalist" value="amd64" />
    <property name="platforms.JDK_1.7.compiler" value="modern" />
    <property name="libs.restapi.maven-pom" value="" />
    <property name="auxiliary.org-netbeans-modules-projectapi.issue214819_5f_fx_5f_enabled" value="true" />
    <property name="do.depend" value="true" />
    <property name="javadoc.preview" value="true" />
    <property name="sun.arch.data.model" value="64" />
    <property name="nb.show.statistics.ui" value="usageStatisticsEnabled" />
    <property name="javafx.signing.type" value="notsigned" />
    <property name="libs.javaee-endorsed-api-7.0.src" value="" />
    <property name="annotation.processing.enabled" value="true" />
    <property name="libs.junit_5.src" value="C:\Program Files\NetBeans-12.3\netbeans\platform\docs\junit-jupiter-api-5.6.0-sources.jar;C:\Program Files\NetBeans-12.3\netbeans\platform\docs\junit-jupiter-params-5.6.0-sources.jar;C:\Program Files\NetBeans-12.3\netbeans\platform\docs\junit-jupiter-engine-5.6.0-sources.jar" />
    <property name="libs.jaxb.classpath" value="C:\Program Files\NetBeans-12.3\netbeans\ide\modules\ext\jaxb\jaxb-impl.jar;C:\Program Files\NetBeans-12.3\netbeans\ide\modules\ext\jaxb\jaxb-xjc.jar;C:\Program Files\NetBeans-12.3\netbeans\ide\modules\ext\jaxb\activation.jar;C:\Program Files\NetBeans-12.3\netbeans\ide\modules\ext\jaxb\api\jaxb-api.jar" />
    <property name="libs.javaee-api-8.0.classpath" value="C:\Program Files\NetBeans-12.3\netbeans\enterprise\modules\ext\javaee-api-8.0.jar" />
    <property name="auxiliary.org-netbeans-spi-editor-hints-projects.perProjectHintSettingsFile" value="nbproject/cfg_hints.xml" />
    <property name="libs.FxAssert.classpath" value="C:\Users\HP\Downloads\Compressed\TestFX-master" />
    <property name="libs.CopyLibs.src" value="" />
    <property name="javafx.deploy.permissionselevated" value="false" />
    <property name="javafx.enabled" value="true" />
    <property name="javac.source" value="10" />
    <property name="java.specification.vendor" value="Oracle Corporation" />
    <property name="java.version.date" value="2018-07-17" />
    <property name="java.home" value="C:\Program Files\Java\jdk-10.0.2" />
    <property name="work.dir" value="E:\Codes\project\Restaurant-Management-master" />
    <property name="javac.test.compilerargs" value="" />
    <property name="jna.boot.library.name" value="jnidispatch-nb" />
    <property name="libs.PostgreSQLDriver.classpath" value="C:\Program Files\NetBeans-12.3\netbeans\ide\modules\ext\postgresql-42.2.16.jar" />
    <property name="libs.graaljs.javadoc" value="" />
    <property name="libs.spring-webmvc3.0.javadoc" value="" />
    <property name="libs.JAXB-ENDORSED.src" value="" />
    <property name="user.script" value="" />
    <property name="manifest.encoding" value="UTF-8" />
    <property name="manifest.custom.permissions" value="" />
    <property name="sun.management.compiler" value="HotSpot 64-Bit Tiered Compilers" />
    <property name="libs.spring-framework400.src" value="" />
    <property name="javafx.main.class" value="model.Restaurant" />
    <property name="run.test.modulepath" value="" />
    <property name="libs.javaee-web-api-6.0.classpath" value="C:\Program Files\NetBeans-12.3\netbeans\enterprise\modules\ext\javaee-web-api-6.0.jar" />
    <property name="libs.graaljs.classpath" value="C:\Program Files\NetBeans-12.3\netbeans\webcommon\modules\ext\js-20.2.0.jar;C:\Program Files\NetBeans-12.3\netbeans\webcommon\modules\ext\js-launcher-20.2.0.jar;C:\Program Files\NetBeans-12.3\netbeans\webcommon\modules\ext\regex-20.2.0.jar;C:\Program Files\NetBeans-12.3\netbeans\webcommon\modules\ext\icu4j-67.1.jar;C:\Program Files\NetBeans-12.3\netbeans\ide\modules\ext\graal-sdk-20.2.0.jar;C:\Program Files\NetBeans-12.3\netbeans\ide\modules\ext\launcher-common-20.2.0.jar;C:\Program Files\NetBeans-12.3\netbeans\ide\modules\ext\truffle-api-20.2.0.jar" />
    <property name="build.generated.subdirs" value="E:\Codes\project\Restaurant-Management-master\build\generated-sources\ap-source-output" />
    <property name="libs.jsp-compiler.javadoc" value="" />
    <property name="debug.test.modulepath" value="" />
    <property name="libs.javaee-web-api-7.0.classpath" value="C:\Program Files\NetBeans-12.3\netbeans\enterprise\modules\ext\javaee-web-api-7.0.jar" />
    <property name="file.encoding" value="Cp1252" />
    <property name="java.util.logging.config.class" value="org.netbeans.core.startup.TopLogging" />
    <property name="https.nonProxyHosts" value="localhost|127.0.0.1|Enie" />
    <property name="libs.restlib.javadoc" value="" />
    <property name="libs.absolutelayout.classpath" value="C:\Program Files\NetBeans-12.3\netbeans\java\modules\ext\AbsoluteLayout.jar" />
    <property name="file.reference.objenesis-2.6.jar" value="objenesis-2.6.jar" />
    <property name="libs.struts.maven-pom" value="" />
    <property name="java.awt.printerjob" value="sun.awt.windows.WPrinterJob" />
    <property name="built-jar.properties" value="E:\Codes\project\Restaurant-Management-master\build\built-jar.properties" />
    <property name="nb.native.filechooser" value="false" />
    <property name="libs.testng.src" value="" />
    <property name="platform.active" value="JDK_10" />
    <property name="libs.javaee-web-api-8.0.classpath" value="C:\Program Files\NetBeans-12.3\netbeans\enterprise\modules\ext\javaee-web-api-8.0.jar" />
    <property name="manifest.file" value="manifest.mf" />
    <property name="endorsed.javafx.ant.classpath" value="." />
    <property name="sun.io.unicode.encoding" value="UnicodeLittle" />
    <property name="libs.struts.javadoc" value="C:\Program Files\NetBeans-12.3\netbeans\enterprise\docs\struts-1.3.10-javadoc.zip" />
    <property name="default.javac.source" value="15" />
    <property name="sun.desktop" value="windows" />
    <property name="libs.javaee-web-api-8.0.javadoc" value="C:\Program Files\NetBeans-12.3\netbeans\enterprise\docs\javaee-doc-api.jar" />
    <property name="netbeans.dynamic.classpath" value="C:\Program Files\NetBeans-12.3\netbeans\platform\core\asm-8.0.1.jar;C:\Program Files\NetBeans-12.3\netbeans\platform\core\asm-commons-8.0.1.jar;C:\Program Files\NetBeans-12.3\netbeans\platform\core\asm-tree-8.0.1.jar;C:\Program Files\NetBeans-12.3\netbeans\platform\core\core-base.jar;C:\Program Files\NetBeans-12.3\netbeans\platform\core\core.jar;C:\Program Files\NetBeans-12.3\netbeans\platform\core\org-netbeans-libs-asm.jar;C:\Program Files\NetBeans-12.3\netbeans\platform\core\org-openide-filesystems-compat8.jar;C:\Program Files\NetBeans-12.3\netbeans\platform\core\org-openide-filesystems.jar;C:\Program Files\NetBeans-12.3\netbeans\nb\core\org-netbeans-upgrader.jar;C:\Program Files\NetBeans-12.3\netbeans\nb\core\locale\core_nb.jar" />
    <property name="libs.eclipselinkmodelgen.classpath" value="C:\Program Files\NetBeans-12.3\netbeans\java\modules\ext\eclipselink\org.eclipse.persistence.jpa.modelgen.processor-2.7.7.jar" />
    <property name="platforms.JDK_1.8.home" value="C:\Program Files\Java\jdk1.8.0_281" />
    <property name="javac.systemmodulepath.cmd.line.arg" value="" />
    <property name="netbeans.buildnumber" value="12.3-c3d4f6fa6c956cf1b5a35e8da4f44a96ab76f6a9" />
    <property name="endorsed.classpath.cmd.line.arg" value="" />
    <property name="libs.jpa20-persistence.maven-pom" value="" />
    <property name="build.sysclasspath" value="ignore" />
    <property name="os.name" value="Windows 10" />
    <property name="libs.CopyLibs.maven-pom" value="" />
    <property name="libs.jakartaee-api-8.0.maven-pom" value="" />
    <property name="platforms.JDK_10.compiler" value="modern" />
    <property name="javadoc.author" value="false" />
    <property name="http.nonProxyHosts" value="localhost|127.0.0.1|Enie" />
    <property name="main.class" value="com.javafx.main.Main" />
    <property name="libs.jsp-compilation-syscp.javadoc" value="" />
    <property name="source.encoding" value="UTF-8" />
    <property name="jar.compress" value="false" />
    <property name="libs.javaee-api-7.0.javadoc" value="C:\Program Files\NetBeans-12.3\netbeans\enterprise\docs\javaee-doc-api.jar" />
    <property name="libs.spring-webmvc5.0.src" value="" />
    <property name="libs.jsf20.maven-pom" value="" />
    <property name="java.awt.graphicsenv" value="sun.awt.Win32GraphicsEnvironment" />
    <property name="libs.restlib.classpath" value="C:\Program Files\NetBeans-12.3\netbeans\enterprise\modules\ext\jersey2\ext\asm-all-repackaged-2.2.0-b21.jar;C:\Program Files\NetBeans-12.3\netbeans\enterprise\modules\ext\jersey2\ext\cglib-2.2.0-b21.jar;C:\Program Files\NetBeans-12.3\netbeans\enterprise\modules\ext\jersey2\ext\guava-14.0.1.jar;C:\Program Files\NetBeans-12.3\netbeans\enterprise\modules\ext\jersey2\ext\hk2-api-2.2.0-b21.jar;C:\Program Files\NetBeans-12.3\netbeans\enterprise\modules\ext\jersey2\ext\hk2-locator-2.2.0-b21.jar;C:\Program Files\NetBeans-12.3\netbeans\enterprise\modules\ext\jersey2\ext\hk2-utils-2.2.0-b21.jar;C:\Program Files\NetBeans-12.3\netbeans\enterprise\modules\ext\jersey2\ext\javax.annotation-api-1.2.jar;C:\Program Files\NetBeans-12.3\netbeans\enterprise\modules\ext\jersey2\ext\javax.inject-2.2.0-b21.jar;C:\Program Files\NetBeans-12.3\netbeans\enterprise\modules\ext\jersey2\ext\javax.servlet-api-3.0.1.jar;C:\Program Files\NetBeans-12.3\netbeans\enterprise\modules\ext\jersey2\ext\jaxb-api-2.2.7.jar;C:\Program Files\NetBeans-12.3\netbeans\enterprise\modules\ext\jersey2\ext\jersey-entity-filtering-2.5.1.jar;C:\Program Files\NetBeans-12.3\netbeans\enterprise\modules\ext\jersey2\ext\jersey-media-moxy-2.5.1.jar;C:\Program Files\NetBeans-12.3\netbeans\enterprise\modules\ext\jersey2\ext\org.osgi.core-4.2.0.jar;C:\Program Files\NetBeans-12.3\netbeans\enterprise\modules\ext\jersey2\ext\osgi-resource-locator-1.0.1.jar;C:\Program Files\NetBeans-12.3\netbeans\enterprise\modules\ext\jersey2\ext\persistence-api-1.0.jar;C:\Program Files\NetBeans-12.3\netbeans\enterprise\modules\ext\jersey2\ext\validation-api-1.1.0.Final.jar;C:\Program Files\NetBeans-12.3\netbeans\enterprise\modules\ext\jersey2\jersey-client.jar;C:\Program Files\NetBeans-12.3\netbeans\enterprise\modules\ext\jersey2\jersey-common.jar;C:\Program Files\NetBeans-12.3\netbeans\enterprise\modules\ext\jersey2\jersey-container-servlet.jar;C:\Program Files\NetBeans-12.3\netbeans\enterprise\modules\ext\jersey2\jersey-container-servlet-core.jar;C:\Program Files\NetBeans-12.3\netbeans\enterprise\modules\ext\jersey2\jersey-server.jar;C:\Program Files\NetBeans-12.3\netbeans\java\modules\ext\eclipselink\org.eclipse.persistence.core-2.7.7.jar;C:\Program Files\NetBeans-12.3\netbeans\java\modules\ext\eclipselink\org.eclipse.persistence.asm-2.7.7.jar;C:\Program Files\NetBeans-12.3\netbeans\java\modules\ext\eclipselink\org.eclipse.persistence.antlr-2.7.7.jar;C:\Program Files\NetBeans-12.3\netbeans\java\modules\ext\eclipselink\org.eclipse.persistence.jpa-2.7.7.jar;C:\Program Files\NetBeans-12.3\netbeans\java\modules\ext\eclipselink\org.eclipse.persistence.jpa.jpql-2.7.7.jar;C:\Program Files\NetBeans-12.3\netbeans\java\modules\ext\eclipselink\org.eclipse.persistence.moxy-2.7.7.jar" />
    <property name="libs.jakartaee-web-api-8.0.javadoc" value="C:\Program Files\NetBeans-12.3\netbeans\enterprise\docs\jakartaee8-doc-api.jar" />
    <property name="apple.awt.graphics.UseQuartz" value="true" />
    <property name="libs.graaljs.src" value="" />
    <property name="libs.MyLibrary.src" value="C:\Users\HP\.m2\repository\org\openjfx\javafx-controls\13\javafx-controls-13.jar" />
    <property name="run.jvmargs" value="" />
    <property name="libs.primefaces.src" value="" />
    <property name="javafx.fallback.class" value="com.javafx.main.NoJavaFXFallback" />
    <property name="ant.file" value="E:\Codes\project\Restaurant-Management-master\build.xml" />
    <property name="libs.struts.src" value="" />
    <property name="path.separator" value=";" />
    <property name="libs.JAXB-ENDORSED.classpath" value="C:\Program Files\NetBeans-12.3\netbeans\ide\modules\ext\jaxb\api\jaxb-api.jar" />
    <property name="libs.restlib.src" value="" />
    <property name="build.test.results.dir" value="build/test/results" />
    <property name="libs.jaxws21.javadoc" value="C:\Program Files\NetBeans-12.3\netbeans\java\docs\jaxws-api-doc.zip" />
    <property name="libs.spring-framework400.maven-pom" value="" />
    <property name="libs.javaee-endorsed-api-6.0.javadoc" value="C:\Program Files\NetBeans-12.3\netbeans\enterprise\docs\javaee-doc-api.jar" />
    <property name="ap.processors.internal" value="" />
    <property name="module.name" value="" />
    <property name="libs.spring-webmvc5.0.javadoc" value="" />
    <property name="libs.jsf12.classpath" value="C:\Program Files\NetBeans-12.3\netbeans\enterprise\modules\ext\jsf-1_2\jsf-api.jar;C:\Program Files\NetBeans-12.3\netbeans\enterprise\modules\ext\jsf-1_2\jsf-impl.jar" />
    <property name="libs.MyLibrary.classpath" value="" />
    <property name="libs.hamcrest.javadoc" value="" />
    <property name="libs.spring-framework400.javadoc" value="" />
    <property name="platform.javadoc.tmp" value="${platforms.JDK_10.javadoc}" />
    <property name="do.jar" value="true" />
    <property name="file.reference.Restaurant-Management-master-mockito-main" value="mockito-main" />
    <property name="libs.FxAssert.javadoc" value="" />
    <property name="java.vm.info" value="mixed mode" />
    <property name="libs.primefaces.classpath" value="C:\Program Files\NetBeans-12.3\netbeans\enterprise\modules\ext\primefaces\primefaces-5.0.jar" />
    <property name="libs.jaxws21.maven-pom" value="" />
    <property name="run.test.classpath" value="D:\Install files\mysql-connector-java-8.0.16.jar:C:\Users\HP\Downloads\Compressed\TestFX-master:build/classes:C:\Program Files\NetBeans-12.3\netbeans\platform\modules\ext\junit-jupiter-api-5.6.0.jar;C:\Program Files\NetBeans-12.3\netbeans\platform\modules\ext\junit-jupiter-params-5.6.0.jar;C:\Program Files\NetBeans-12.3\netbeans\platform\modules\ext\junit-jupiter-engine-5.6.0.jar:C:\Users\HP\Downloads\Compressed\TestFX-master:C:\Program Files\NetBeans-12.3\netbeans\platform\modules\ext\junit-4.13.1.jar:C:\Program Files\NetBeans-12.3\netbeans\platform\modules\ext\hamcrest-core-1.3.jar:mockito-main:mockito-all-1.9.5.jar:byte-buddy-1.7.9.jar:byte-buddy-agent-1.7.9.jar:mockito-core-2.15.0.jar:objenesis-2.6.jar:build/test/classes" />
    <property name="dist.jlink.output" value="dist/jlink/Restaurant" />
    <property name="javadoc.encoding.used" value="UTF-8" />
    <property name="java.class.version" value="54.0" />
    <property name="src.dir" value="src" />
    <property name="ant.project.default-target" value="default" />
    <property name="debug.classpath" value="dist/Restaurant.jar:D:\Install files\mysql-connector-java-8.0.16.jar:C:\Users\HP\Downloads\Compressed\TestFX-master:build/classes" />
    <property name="excludes" value="" />
    <property name="libs.javaee-api-7.0.src" value="" />
    <property name="platform.java.tmp" value="${platforms.JDK_10.java}" />
    <property name="sun.jnu.encoding" value="Cp1252" />
    <property name="javafx.preloader.jar.path" value="" />
    <property name="run.test.jvmargs" value="" />
    <property name="libs.junit_4.javadoc" value="C:\Program Files\NetBeans-12.3\netbeans\platform\docs\junit-4.13.1-javadoc.jar" />
    <property name="libs.spring-webmvc4.0.src" value="" />
    <property name="javafx.run.height" value="600" />
    <property name="sun.java2d.dpiaware" value="true" />
    <property name="main.class.available" value="true" />
    <property name="libs.jsf20.javadoc" value="C:\Program Files\NetBeans-12.3\netbeans\enterprise\docs\javaee-doc-api.jar" />
    <property name="ant.file.Restaurant-impl" value="E:\Codes\project\Restaurant-Management-master\nbproject\build-impl.xml" />
    <property name="jar.archive.disabled" value="true" />
    <property name="netbeans.importclass" value="org.netbeans.upgrade.AutoUpgrade" />
    <property name="netbeans.autoupdate.version" value="1.23" />
    <property name="empty.dir" value="E:\Codes\project\Restaurant-Management-master\build\empty" />
    <property name="javafx.deploy.installpermanently" value="false" />
    <property name="netbeans.user" value="C:\Users\HP\AppData\Roaming\NetBeans\12.3" />
    <property name="javac.includes.binary" value="E:\Codes\project\Restaurant-Management-master\build\test\classes\model\DBTest.class" />
    <property name="file.separator" value="\" />
    <property name="line.separator" value="&#xd;&#xa;" />
    <property name="javadoc.additionalparam" value="" />
    <property name="libs.MySQLDriver.javadoc" value="" />
    <property name="libs.spring-webmvc5.0.classpath" value="C:\Program Files\NetBeans-12.3\netbeans\java\modules\ext\spring-5\spring-webmvc-5.2.9.RELEASE.jar" />
    <property name="libs.restlib.maven-pom" value="" />
    <property name="javac.debug" value="true" />
    <property name="libs.testng.classpath" value="C:\Program Files\NetBeans-12.3\netbeans\platform\modules\ext\testng-6.14.3.jar;C:\Program Files\NetBeans-12.3\netbeans\platform\modules\ext\jcommander-1.78.jar" />
    <property name="libs.jsp-compiler.src" value="" />
    <property name="user.name" value="Meem" />
    <property name="build.classes.dir" value="build/classes" />
    <property name="ant.file.type.Restaurant-impl" value="file" />
    <property name="nb.junit.single" value="false" />
    <property name="javadoc.windowtitle" value="" />
    <property name="nb.internal.action.name" value="test.single" />
    <property name="libs.javaee-api-8.0.maven-pom" value="" />
    <property name="libs.jaxws21.src" value="" />
    <property name="javafx.disable.concurrent.runs" value="false" />
    <property name="compile.on.save.unsupported.javafx" value="true" />
    <property name="platforms.JDK_9.compiler" value="modern" />
    <property name="libs.MySQLDriver.classpath" value="D:\Install files\mysql-connector-java-8.0.16.jar" />
    <property name="jna.loaded" value="true" />
    <property name="libs.junit_5.maven-pom" value="" />
    <property name="libs.jpa20-persistence.javadoc" value="C:\Program Files\NetBeans-12.3\netbeans\java\modules\ext\docs\javax.persistence-2.2.1-doc.zip" />
    <property name="javafx.deploy.request.runtime" value="2.0+" />
    <property name="ant.junit.enabletestlistenerevents" value="true" />
    <property name="libs.JWSAntTasks.src" value="" />
    <property name="ant.home" value="C:\Program Files\NetBeans-12.3\netbeans\extide\ant" />
    <property name="libs.spring-webmvc3.0.src" value="" />
    <property name="debug.test.classpath" value="D:\Install files\mysql-connector-java-8.0.16.jar:C:\Users\HP\Downloads\Compressed\TestFX-master:build/classes:C:\Program Files\NetBeans-12.3\netbeans\platform\modules\ext\junit-jupiter-api-5.6.0.jar;C:\Program Files\NetBeans-12.3\netbeans\platform\modules\ext\junit-jupiter-params-5.6.0.jar;C:\Program Files\NetBeans-12.3\netbeans\platform\modules\ext\junit-jupiter-engine-5.6.0.jar:C:\Users\HP\Downloads\Compressed\TestFX-master:C:\Program Files\NetBeans-12.3\netbeans\platform\modules\ext\junit-4.13.1.jar:C:\Program Files\NetBeans-12.3\netbeans\platform\modules\ext\hamcrest-core-1.3.jar:mockito-main:mockito-all-1.9.5.jar:byte-buddy-1.7.9.jar:byte-buddy-agent-1.7.9.jar:mockito-core-2.15.0.jar:objenesis-2.6.jar:build/test/classes" />
    <property name="javac.external.vm" value="false" />
    <property name="have.tests" value="true" />
    <property name="testng.debug.mode" value="" />
    <property name="javac.target" value="10" />
    <property name="ant.version" value="Apache Ant(TM) version 1.10.8 compiled on May 10 2020" />
    <property name="libs.absolutelayout.maven-pom" value="" />
    <property name="jdk.gtk.version" value="2.2" />
    <property name="java.failonerror" value="true" />
    <property name="platforms.JDK_1.7.home" value="C:\Program Files\Java\jdk1.7.0_80" />
    <property name="javac.modulepath" value="" />
    <property name="libs.spring-framework500.src" value="" />
    <property name="libs.javaee-api-6.0.src" value="" />
    <property name="user.properties.file" value="C:\Users\HP\AppData\Roaming\NetBeans\12.3\build.properties" />
    <property name="javafx.binarycss" value="false" />
    <property name="javac.includes" value="model/DBTest.java" />
    <property name="netbeans.autoupdate.country" value="IN" />
    <property name="file.encoding.pkg" value="sun.io" />
    <property name="java.class.path" value="D:\Install files\mysql-connector-java-8.0.16.jar;C:\Users\HP\Downloads\Compressed\TestFX-master;E:\Codes\project\Restaurant-Management-master\build\classes;C:\Program Files\NetBeans-12.3\netbeans\platform\modules\ext\junit-jupiter-api-5.6.0.jar;C:\Program Files\NetBeans-12.3\netbeans\platform\modules\ext\junit-jupiter-params-5.6.0.jar;C:\Program Files\NetBeans-12.3\netbeans\platform\modules\ext\junit-jupiter-engine-5.6.0.jar;C:\Program Files\NetBeans-12.3\netbeans\platform\modules\ext\junit-4.13.1.jar;C:\Program Files\NetBeans-12.3\netbeans\platform\modules\ext\hamcrest-core-1.3.jar;E:\Codes\project\Restaurant-Management-master\mockito-main;E:\Codes\project\Restaurant-Management-master\mockito-all-1.9.5.jar;E:\Codes\project\Restaurant-Management-master\byte-buddy-1.7.9.jar;E:\Codes\project\Restaurant-Management-master\byte-buddy-agent-1.7.9.jar;E:\Codes\project\Restaurant-Management-master\mockito-core-2.15.0.jar;E:\Codes\project\Restaurant-Management-master\objenesis-2.6.jar;E:\Codes\project\Restaurant-Management-master\build\test\classes;C:\Program Files\NetBeans-12.3\netbeans\extide\ant\lib\ant-launcher.jar;C:\Program Files\NetBeans-12.3\netbeans\extide\ant\lib\ant.jar;C:\Program Files\NetBeans-12.3\netbeans\extide\ant\lib\ant-junit.jar;C:\Program Files\NetBeans-12.3\netbeans\extide\ant\lib\ant-junit4.jar" />
    <property name="libs.javaee-web-api-6.0.maven-pom" value="" />
    <property name="java.vm.vendor" value="&quot;Oracle Corporation&quot;" />
    <property name="javafx.deploy.backgroundupdate" value="false" />
    <property name="ap.supported.internal" value="true" />
    <property name="user.variant" value="" />
    <property name="netbeans.home+have.tests" value="true" />
    <property name="test.binaryexcludes" value="" />
    <property name="javac.compilerargs" value="" />
    <property name="libs.jstl.maven-pom" value="" />
    <property name="libs.jakartaee-web-api-8.0.src" value="" />
    <property name="sun.cpu.endian" value="little" />
    <property name="libs.junit_4.src" value="C:\Program Files\NetBeans-12.3\netbeans\platform\docs\junit-4.13.1-sources.jar" />
    <property name="user.language" value="en" />
    <property name="copylibs.rebase" value="true" />
    <property name="maven.defaultProjectBuilder.disableGlobalModelCache" value="true" />
    <property name="libs.javaee-web-api-6.0.src" value="" />
    <property name="javadoc.nonavbar" value="false" />
    <property name="libs.javaee-api-8.0.src" value="" />
    <property name="platforms.JDK_10.bootclasspath" value="C:\Program Files\Java\jdk-10.0.2\!/modules/java.activation/;C:\Program Files\Java\jdk-10.0.2\!/modules/java.base/;C:\Program Files\Java\jdk-10.0.2\!/modules/java.compiler/;C:\Program Files\Java\jdk-10.0.2\!/modules/java.corba/;C:\Program Files\Java\jdk-10.0.2\!/modules/java.datatransfer/;C:\Program Files\Java\jdk-10.0.2\!/modules/java.desktop/;C:\Program Files\Java\jdk-10.0.2\!/modules/java.instrument/;C:\Program Files\Java\jdk-10.0.2\!/modules/java.jnlp/;C:\Program Files\Java\jdk-10.0.2\!/modules/java.logging/;C:\Program Files\Java\jdk-10.0.2\!/modules/java.management/;C:\Program Files\Java\jdk-10.0.2\!/modules/java.management.rmi/;C:\Program Files\Java\jdk-10.0.2\!/modules/java.naming/;C:\Program Files\Java\jdk-10.0.2\!/modules/java.prefs/;C:\Program Files\Java\jdk-10.0.2\!/modules/java.rmi/;C:\Program Files\Java\jdk-10.0.2\!/modules/java.scripting/;C:\Program Files\Java\jdk-10.0.2\!/modules/java.se/;C:\Program Files\Java\jdk-10.0.2\!/modules/java.se.ee/;C:\Program Files\Java\jdk-10.0.2\!/modules/java.security.jgss/;C:\Program Files\Java\jdk-10.0.2\!/modules/java.security.sasl/;C:\Program Files\Java\jdk-10.0.2\!/modules/java.smartcardio/;C:\Program Files\Java\jdk-10.0.2\!/modules/java.sql/;C:\Program Files\Java\jdk-10.0.2\!/modules/java.sql.rowset/;C:\Program Files\Java\jdk-10.0.2\!/modules/java.transaction/;C:\Program Files\Java\jdk-10.0.2\!/modules/java.xml/;C:\Program Files\Java\jdk-10.0.2\!/modules/java.xml.bind/;C:\Program Files\Java\jdk-10.0.2\!/modules/java.xml.crypto/;C:\Program Files\Java\jdk-10.0.2\!/modules/java.xml.ws/;C:\Program Files\Java\jdk-10.0.2\!/modules/java.xml.ws.annotation/;C:\Program Files\Java\jdk-10.0.2\!/modules/javafx.base/;C:\Program Files\Java\jdk-10.0.2\!/modules/javafx.controls/;C:\Program Files\Java\jdk-10.0.2\!/modules/javafx.deploy/;C:\Program Files\Java\jdk-10.0.2\!/modules/javafx.fxml/;C:\Program Files\Java\jdk-10.0.2\!/modules/javafx.graphics/;C:\Program Files\Java\jdk-10.0.2\!/modules/javafx.media/;C:\Program Files\Java\jdk-10.0.2\!/modules/javafx.swing/;C:\Program Files\Java\jdk-10.0.2\!/modules/javafx.web/;C:\Program Files\Java\jdk-10.0.2\!/modules/jdk.accessibility/;C:\Program Files\Java\jdk-10.0.2\!/modules/jdk.aot/;C:\Program Files\Java\jdk-10.0.2\!/modules/jdk.attach/;C:\Program Files\Java\jdk-10.0.2\!/modules/jdk.charsets/;C:\Program Files\Java\jdk-10.0.2\!/modules/jdk.compiler/;C:\Program Files\Java\jdk-10.0.2\!/modules/jdk.crypto.cryptoki/;C:\Program Files\Java\jdk-10.0.2\!/modules/jdk.crypto.ec/;C:\Program Files\Java\jdk-10.0.2\!/modules/jdk.crypto.mscapi/;C:\Program Files\Java\jdk-10.0.2\!/modules/jdk.deploy/;C:\Program Files\Java\jdk-10.0.2\!/modules/jdk.deploy.controlpanel/;C:\Program Files\Java\jdk-10.0.2\!/modules/jdk.dynalink/;C:\Program Files\Java\jdk-10.0.2\!/modules/jdk.editpad/;C:\Program Files\Java\jdk-10.0.2\!/modules/jdk.hotspot.agent/;C:\Program Files\Java\jdk-10.0.2\!/modules/jdk.httpserver/;C:\Program Files\Java\jdk-10.0.2\!/modules/jdk.incubator.httpclient/;C:\Program Files\Java\jdk-10.0.2\!/modules/jdk.internal.ed/;C:\Program Files\Java\jdk-10.0.2\!/modules/jdk.internal.jvmstat/;C:\Program Files\Java\jdk-10.0.2\!/modules/jdk.internal.le/;C:\Program Files\Java\jdk-10.0.2\!/modules/jdk.internal.opt/;C:\Program Files\Java\jdk-10.0.2\!/modules/jdk.internal.vm.ci/;C:\Program Files\Java\jdk-10.0.2\!/modules/jdk.internal.vm.compiler/;C:\Program Files\Java\jdk-10.0.2\!/modules/jdk.internal.vm.compiler.management/;C:\Program Files\Java\jdk-10.0.2\!/modules/jdk.jartool/;C:\Program Files\Java\jdk-10.0.2\!/modules/jdk.javadoc/;C:\Program Files\Java\jdk-10.0.2\!/modules/jdk.javaws/;C:\Program Files\Java\jdk-10.0.2\!/modules/jdk.jcmd/;C:\Program Files\Java\jdk-10.0.2\!/modules/jdk.jconsole/;C:\Program Files\Java\jdk-10.0.2\!/modules/jdk.jdeps/;C:\Program Files\Java\jdk-10.0.2\!/modules/jdk.jdi/;C:\Program Files\Java\jdk-10.0.2\!/modules/jdk.jdwp.agent/;C:\Program Files\Java\jdk-10.0.2\!/modules/jdk.jfr/;C:\Program Files\Java\jdk-10.0.2\!/modules/jdk.jlink/;C:\Program Files\Java\jdk-10.0.2\!/modules/jdk.jshell/;C:\Program Files\Java\jdk-10.0.2\!/modules/jdk.jsobject/;C:\Program Files\Java\jdk-10.0.2\!/modules/jdk.jstatd/;C:\Program Files\Java\jdk-10.0.2\!/modules/jdk.localedata/;C:\Program Files\Java\jdk-10.0.2\!/modules/jdk.management/;C:\Program Files\Java\jdk-10.0.2\!/modules/jdk.management.agent/;C:\Program Files\Java\jdk-10.0.2\!/modules/jdk.management.cmm/;C:\Program Files\Java\jdk-10.0.2\!/modules/jdk.management.jfr/;C:\Program Files\Java\jdk-10.0.2\!/modules/jdk.management.resource/;C:\Program Files\Java\jdk-10.0.2\!/modules/jdk.naming.dns/;C:\Program Files\Java\jdk-10.0.2\!/modules/jdk.naming.rmi/;C:\Program Files\Java\jdk-10.0.2\!/modules/jdk.net/;C:\Program Files\Java\jdk-10.0.2\!/modules/jdk.pack/;C:\Program Files\Java\jdk-10.0.2\!/modules/jdk.packager/;C:\Program Files\Java\jdk-10.0.2\!/modules/jdk.packager.services/;C:\Program Files\Java\jdk-10.0.2\!/modules/jdk.plugin/;C:\Program Files\Java\jdk-10.0.2\!/modules/jdk.plugin.server/;C:\Program Files\Java\jdk-10.0.2\!/modules/jdk.rmic/;C:\Program Files\Java\jdk-10.0.2\!/modules/jdk.scripting.nashorn/;C:\Program Files\Java\jdk-10.0.2\!/modules/jdk.scripting.nashorn.shell/;C:\Program Files\Java\jdk-10.0.2\!/modules/jdk.sctp/;C:\Program Files\Java\jdk-10.0.2\!/modules/jdk.security.auth/;C:\Program Files\Java\jdk-10.0.2\!/modules/jdk.security.jgss/;C:\Program Files\Java\jdk-10.0.2\!/modules/jdk.snmp/;C:\Program Files\Java\jdk-10.0.2\!/modules/jdk.unsupported/;C:\Program Files\Java\jdk-10.0.2\!/modules/jdk.xml.bind/;C:\Program Files\Java\jdk-10.0.2\!/modules/jdk.xml.dom/;C:\Program Files\Java\jdk-10.0.2\!/modules/jdk.xml.ws/;C:\Program Files\Java\jdk-10.0.2\!/modules/jdk.zipfs/;C:\Program Files\Java\jdk-10.0.2\!/modules/oracle.desktop/;C:\Program Files\Java\jdk-10.0.2\!/modules/oracle.net/" />
    <property name="ant.java.version" value="15" />
    <property name="javafx.deploy.disable.proxy" value="false" />
    <property name="libs.junit_4.classpath" value="C:\Program Files\NetBeans-12.3\netbeans\platform\modules\ext\junit-4.13.1.jar" />
    <property name="jlink.launcher.name" value="Restaurant" />
    <property name="test.binarytestincludes" value="" />
    <property name="sun.awt.keepWorkingSetOnMinimize" value="true" />
    <property name="libs.spring-webmvc5.0.maven-pom" value="" />
    <property name="libs.junit_4.maven-pom" value="" />
    <property name="libs.jsp-compiler.maven-pom" value="" />
    <property name="runtime.encoding" value="UTF-8" />
    <property name="javac.classpath" value="D:\Install files\mysql-connector-java-8.0.16.jar:C:\Users\HP\Downloads\Compressed\TestFX-master" />
    <property name="libs.jakartaee-web-api-8.0.classpath" value="C:\Program Files\NetBeans-12.3\netbeans\enterprise\modules\ext\jakarta.jakartaee-web-api-8.0.0.jar" />
    <property name="dist.jlink.dir" value="dist/jlink" />
    <property name="nb.junit.batch" value="true" />
    <property name="build.test.classes.dir" value="build/test/classes" />
    <property name="javafx.application.implementation.version" value="1.0" />
    <property name="javafx.preloader.type" value="none" />
    <property name="libs.spring-framework300.maven-pom" value="" />
    <property name="ant.project.invoked-targets" value="test-single" />
    <property name="file.reference.byte-buddy-1.7.9.jar" value="byte-buddy-1.7.9.jar" />
    <property name="libs.jstl.classpath" value="C:\Program Files\NetBeans-12.3\netbeans\enterprise\modules\ext\jstl-impl.jar;C:\Program Files\NetBeans-12.3\netbeans\enterprise\modules\ext\jstl-api.jar" />
    <property name="ap.cmd.line.internal" value="" />
    <property name="libs.MySQLDriver.src" value="" />
    <property name="libs.PostgreSQLDriver.src" value="" />
    <property name="platform.compiler" value="${platforms.JDK_10.compile}" />
    <property name="platforms.JDK_1.8.bootclasspath" value="C:\Program Files\Java\jdk1.8.0_281\jre\lib\resources.jar;C:\Program Files\Java\jdk1.8.0_281\jre\lib\rt.jar;C:\Program Files\Java\jdk1.8.0_281\jre\lib\sunrsasign.jar;C:\Program Files\Java\jdk1.8.0_281\jre\lib\jsse.jar;C:\Program Files\Java\jdk1.8.0_281\jre\lib\jce.jar;C:\Program Files\Java\jdk1.8.0_281\jre\lib\charsets.jar;C:\Program Files\Java\jdk1.8.0_281\jre\lib\jfr.jar;C:\Program Files\Java\jdk1.8.0_281\jre\classes;C:\Program Files\Java\jdk1.8.0_281\jre\lib\ext\access-bridge-64.jar;C:\Program Files\Java\jdk1.8.0_281\jre\lib\ext\cldrdata.jar;C:\Program Files\Java\jdk1.8.0_281\jre\lib\ext\dnsns.jar;C:\Program Files\Java\jdk1.8.0_281\jre\lib\ext\jaccess.jar;C:\Program Files\Java\jdk1.8.0_281\jre\lib\ext\jfxrt.jar;C:\Program Files\Java\jdk1.8.0_281\jre\lib\ext\localedata.jar;C:\Program Files\Java\jdk1.8.0_281\jre\lib\ext\nashorn.jar;C:\Program Files\Java\jdk1.8.0_281\jre\lib\ext\sunec.jar;C:\Program Files\Java\jdk1.8.0_281\jre\lib\ext\sunjce_provider.jar;C:\Program Files\Java\jdk1.8.0_281\jre\lib\ext\sunmscapi.jar;C:\Program Files\Java\jdk1.8.0_281\jre\lib\ext\sunpkcs11.jar;C:\Program Files\Java\jdk1.8.0_281\jre\lib\ext\zipfs.jar" />
    <property name="java.vendor.url.bug" value="http://bugreport.java.com/bugreport/" />
    <property name="file.reference.mockito-core-2.15.0.jar" value="mockito-core-2.15.0.jar" />
    <property name="annotation.processing.source.output" value="build/generated-sources/ap-source-output" />
    <property name="user.dir" value="E:\Codes\project\Restaurant-Management-master" />
    <property name="libs.javaee-endorsed-api-6.0.maven-pom" value="" />
    <property name="platform.java" value="C:\Program Files\Java\jdk-10.0.2/bin/java" />
    <property name="application.args" value="" />
    <property name="org.xml.sax.driver" value="com.sun.org.apache.xerces.internal.jaxp.SAXParserImpl$JAXPSAXParser" />
    <property name="libs.jakartaee-web-api-8.0.maven-pom" value="" />
    <property name="libs.eclipselink.src" value="" />
    <property name="manifest.custom.codebase" value="*" />
    <property name="java.vm.version" value="10.0.2+13" />
    <property name="libs.metro.javadoc" value="C:\Program Files\NetBeans-12.3\netbeans\enterprise\docs\webservices-api-javadoc.jar;C:\Program Files\NetBeans-12.3\netbeans\enterprise\docs\webservices-extra-javadoc.jar;C:\Program Files\NetBeans-12.3\netbeans\enterprise\docs\webservices-extra-api-javadoc.jar;C:\Program Files\NetBeans-12.3\netbeans\enterprise\docs\webservices-rt-javadoc.jar;C:\Program Files\NetBeans-12.3\netbeans\enterprise\docs\webservices-tools-javadoc.jar" />
    <property name="test.class" value="model.DBTest" />
    <property name="sun.awt.datatransfer.timeout" value="1000" />
    <property name="platforms.JDK_1.7.bootclasspath" value="C:\Program Files\Java\jdk1.7.0_80\jre\lib\resources.jar;C:\Program Files\Java\jdk1.7.0_80\jre\lib\rt.jar;C:\Program Files\Java\jdk1.7.0_80\jre\lib\sunrsasign.jar;C:\Program Files\Java\jdk1.7.0_80\jre\lib\jsse.jar;C:\Program Files\Java\jdk1.7.0_80\jre\lib\jce.jar;C:\Program Files\Java\jdk1.7.0_80\jre\lib\charsets.jar;C:\Program Files\Java\jdk1.7.0_80\jre\lib\jfr.jar;C:\Program Files\Java\jdk1.7.0_80\jre\classes;C:\Program Files\Java\jdk1.7.0_80\jre\lib\ext\access-bridge-64.jar;C:\Program Files\Java\jdk1.7.0_80\jre\lib\ext\dnsns.jar;C:\Program Files\Java\jdk1.7.0_80\jre\lib\ext\jaccess.jar;C:\Program Files\Java\jdk1.7.0_80\jre\lib\ext\localedata.jar;C:\Program Files\Java\jdk1.7.0_80\jre\lib\ext\sunec.jar;C:\Program Files\Java\jdk1.7.0_80\jre\lib\ext\sunjce_provider.jar;C:\Program Files\Java\jdk1.7.0_80\jre\lib\ext\sunmscapi.jar;C:\Program Files\Java\jdk1.7.0_80\jre\lib\ext\zipfs.jar" />
    <property name="libs.javaee-web-api-7.0.src" value="" />
    <property name="annotation.processing.run.all.processors" value="true" />
    <property name="libs.jsp-compiler.classpath" value="C:\Program Files\NetBeans-12.3\netbeans\enterprise\ant\extra\jspcompile.jar" />
    <property name="libs.jakartaee-api-8.0.src" value="" />
    <property name="junit.forkmode" value="perTest" />
    <property name="libs.javaee-endorsed-api-6.0.classpath" value="C:\Program Files\NetBeans-12.3\netbeans\enterprise\modules\ext\javaee6-endorsed\javax.annotation.jar;C:\Program Files\NetBeans-12.3\netbeans\enterprise\modules\ext\javaee6-endorsed\jaxb-api-osgi.jar;C:\Program Files\NetBeans-12.3\netbeans\enterprise\modules\ext\javaee6-endorsed\webservices-api-osgi.jar" />
  </properties>
  <testcase classname="model.DBTest" name="testGetMeals" time="0.002" />
  <testcase classname="model.DBTest" name="testCount" time="0.0" />
  <testcase classname="model.DBTest" name="testInsertMeals" time="0.0" />
  <testcase classname="model.DBTest" name="testDelDrinks" time="0.0" />
  <testcase classname="model.DBTest" name="testGetDrinks" time="0.0" />
  <testcase classname="model.DBTest" name="testInsertDrinks" time="0.0" />
  <testcase classname="model.DBTest" name="testDelMeals" time="0.0" />
  <testcase classname="model.DBTest" name="testUpdate" time="0.0" />
  <system-out><![CDATA[getMeals
count
insertMeals
delDrinks
getDrinks
insertDrinks
delMeals
Update
]]></system-out>
  <system-err><![CDATA[]]></system-err>
</testsuite>
